<?xml version="1.0" encoding="UTF-8"?>
<!-- Generated by org.testng.reporters.JUnitReportReporter -->
<testsuite skipped="0" hostname="THR052" name="practiceExercises.TestNG_ParametersandDataProviders" tests="24" failures="0" timestamp="29 Apr 2019 15:54:43 GMT" time="0.044" errors="0">
  <testcase name="ASCIIToCharTest" time="0.002" classname="practiceExercises.TestNG_ParametersandDataProviders"/>
  <testcase name="CharToASCIITest" time="0.001" classname="practiceExercises.TestNG_ParametersandDataProviders"/>
  <testcase name="CharToASCIITest" time="0.002" classname="practiceExercises.TestNG_ParametersandDataProviders"/>
  <testcase name="CharToASCIITest" time="0.000" classname="practiceExercises.TestNG_ParametersandDataProviders"/>
  <testcase name="ASCIIToCharTest" time="0.001" classname="practiceExercises.TestNG_ParametersandDataProviders"/>
  <testcase name="ASCIIToCharTest" time="0.001" classname="practiceExercises.TestNG_ParametersandDataProviders"/>
  <testcase name="CharToASCIITest" time="0.001" classname="practiceExercises.TestNG_ParametersandDataProviders"/>
  <testcase name="ASCIIToCharTest" time="0.002" classname="practiceExercises.TestNG_ParametersandDataProviders"/>
  <testcase name="CharToASCIITest" time="0.001" classname="practiceExercises.TestNG_ParametersandDataProviders"/>
  <testcase name="ASCIIToCharTest" time="0.002" classname="practiceExercises.TestNG_ParametersandDataProviders"/>
  <testcase name="CharToASCIITest" time="0.001" classname="practiceExercises.TestNG_ParametersandDataProviders"/>
  <testcase name="CharToASCIITest" time="0.002" classname="practiceExercises.TestNG_ParametersandDataProviders"/>
  <testcase name="ASCIIToCharTest" time="0.002" classname="practiceExercises.TestNG_ParametersandDataProviders"/>
  <testcase name="ASCIIToCharTest" time="0.005" classname="practiceExercises.TestNG_ParametersandDataProviders"/>
  <testcase name="ASCIIToCharTest" time="0.001" classname="practiceExercises.TestNG_ParametersandDataProviders"/>
  <testcase name="ASCIIToCharTest" time="0.002" classname="practiceExercises.TestNG_ParametersandDataProviders"/>
  <testcase name="ASCIIToCharTest" time="0.009" classname="practiceExercises.TestNG_ParametersandDataProviders"/>
  <testcase name="CharToASCIITest" time="0.001" classname="practiceExercises.TestNG_ParametersandDataProviders"/>
  <testcase name="CharToASCIITest" time="0.001" classname="practiceExercises.TestNG_ParametersandDataProviders"/>
  <testcase name="CharToASCIITest" time="0.001" classname="practiceExercises.TestNG_ParametersandDataProviders"/>
  <testcase name="CharToASCIITest" time="0.001" classname="practiceExercises.TestNG_ParametersandDataProviders"/>
  <testcase name="CharToASCIITest" time="0.001" classname="practiceExercises.TestNG_ParametersandDataProviders"/>
  <testcase name="ASCIIToCharTest" time="0.002" classname="practiceExercises.TestNG_ParametersandDataProviders"/>
  <testcase name="ASCIIToCharTest" time="0.002" classname="practiceExercises.TestNG_ParametersandDataProviders"/>
</testsuite> <!-- practiceExercises.TestNG_ParametersandDataProviders -->
